2021-03-27 12:29:01,067 - basicLogger - INFO - connecting to mysql database: acit3855.eastus2.cloudapp.azure.com:3306
2021-03-27 12:29:01,109 - basicLogger - INFO - connecting to mysql database: acit3855.eastus2.cloudapp.azure.com:3306
2021-03-27 12:29:04,754 - basicLogger - INFO - Query for Inventory readings after 2021-03-27 returns 1 results
2021-03-27 12:29:04,759 - basicLogger - INFO - Query for Inventory readings after 2021-03-27 returns 1 results
2021-03-27 12:29:12,940 - basicLogger - INFO - Query for Inventory readings after 2021-03-27 returns 1 results
2021-03-27 12:29:13,346 - basicLogger - INFO - Query for Inventory readings after 2021-03-27 returns 1 results
2021-03-27 12:29:17,955 - basicLogger - INFO - Query for Inventory readings after 2021-03-27 returns 1 results
2021-03-27 12:29:18,356 - basicLogger - INFO - Query for Inventory readings after 2021-03-27 returns 1 results
2021-03-27 12:29:22,944 - basicLogger - INFO - Query for Inventory readings after 2021-03-27 returns 1 results
2021-03-27 12:29:23,355 - basicLogger - INFO - Query for Inventory readings after 2021-03-27 returns 1 results
2021-03-27 12:29:27,949 - basicLogger - INFO - Query for Inventory readings after 2021-03-27 returns 1 results
2021-03-27 12:29:28,349 - basicLogger - INFO - Query for Inventory readings after 2021-03-27 returns 1 results
2021-03-27 12:29:32,959 - basicLogger - INFO - Query for Inventory readings after 2021-03-27 returns 1 results
2021-03-27 12:29:33,348 - basicLogger - INFO - Query for Inventory readings after 2021-03-27 returns 1 results
2021-03-27 12:29:37,962 - basicLogger - INFO - Query for Inventory readings after 2021-03-27 returns 1 results
2021-03-27 12:29:38,336 - basicLogger - INFO - Query for Inventory readings after 2021-03-27 returns 1 results
2021-03-27 12:29:42,941 - basicLogger - INFO - Query for Inventory readings after 2021-03-27 returns 1 results
2021-03-27 12:29:43,347 - basicLogger - INFO - Query for Inventory readings after 2021-03-27 returns 1 results
2021-03-27 12:29:47,951 - basicLogger - INFO - Query for Inventory readings after 2021-03-27 returns 1 results
2021-03-27 12:29:48,657 - basicLogger - INFO - Query for Inventory readings after 2021-03-27 returns 1 results
2021-03-27 12:29:52,950 - basicLogger - INFO - Query for Inventory readings after 2021-03-27 returns 1 results
2021-03-27 12:29:53,354 - basicLogger - INFO - Query for Inventory readings after 2021-03-27 returns 1 results
2021-03-27 12:29:57,956 - basicLogger - INFO - Query for Inventory readings after 2021-03-27 returns 1 results
2021-03-27 12:29:58,341 - basicLogger - INFO - Query for Inventory readings after 2021-03-27 returns 1 results
2021-03-27 12:30:02,958 - basicLogger - INFO - Query for Inventory readings after 2021-03-27 returns 1 results
2021-03-27 12:30:03,345 - basicLogger - INFO - Query for Inventory readings after 2021-03-27 returns 1 results
2021-03-27 12:30:07,962 - basicLogger - INFO - Query for Inventory readings after 2021-03-27 returns 1 results
2021-03-27 12:30:08,340 - basicLogger - INFO - Query for Inventory readings after 2021-03-27 returns 1 results
2021-03-27 12:30:12,954 - basicLogger - INFO - Query for Inventory readings after 2021-03-27 returns 1 results
2021-03-27 12:30:13,343 - basicLogger - INFO - Query for Inventory readings after 2021-03-27 returns 1 results
2021-03-27 12:30:17,958 - basicLogger - INFO - Query for Inventory readings after 2021-03-27 returns 1 results
2021-03-27 12:30:18,348 - basicLogger - INFO - Query for Inventory readings after 2021-03-27 returns 1 results
2021-03-27 12:30:22,969 - basicLogger - INFO - Query for Inventory readings after 2021-03-27 returns 1 results
2021-03-27 12:30:23,356 - basicLogger - INFO - Query for Inventory readings after 2021-03-27 returns 1 results
2021-03-27 12:30:27,971 - basicLogger - INFO - Query for Inventory readings after 2021-03-27 returns 1 results
2021-03-27 12:30:28,339 - basicLogger - INFO - Query for Inventory readings after 2021-03-27 returns 1 results
2021-03-27 12:30:32,968 - basicLogger - INFO - Query for Inventory readings after 2021-03-27 returns 1 results
2021-03-27 12:30:33,338 - basicLogger - INFO - Query for Inventory readings after 2021-03-27 returns 1 results
2021-03-27 12:30:38,342 - basicLogger - INFO - Query for Inventory readings after 2021-03-27 returns 1 results
2021-03-27 12:30:43,353 - basicLogger - INFO - Query for Inventory readings after 2021-03-27 returns 1 results
2021-03-27 12:30:48,344 - basicLogger - INFO - Query for Inventory readings after 2021-03-27 returns 1 results
2021-03-27 12:30:53,338 - basicLogger - INFO - Query for Inventory readings after 2021-03-27 returns 1 results
2021-03-27 12:30:58,350 - basicLogger - INFO - Query for Inventory readings after 2021-03-27 returns 1 results
2021-03-27 12:31:03,358 - basicLogger - INFO - Query for Inventory readings after 2021-03-27 returns 1 results
2021-03-27 12:31:08,345 - basicLogger - INFO - Query for Inventory readings after 2021-03-27 returns 1 results
2021-03-27 12:31:13,352 - basicLogger - INFO - Query for Inventory readings after 2021-03-27 returns 1 results
2021-03-27 12:31:18,342 - basicLogger - INFO - Query for Inventory readings after 2021-03-27 returns 1 results
2021-03-27 12:31:21,599 - basicLogger - INFO - connecting to mysql database: acit3855.eastus2.cloudapp.azure.com:3306
2021-03-27 12:31:21,626 - basicLogger - INFO - connecting to mysql database: acit3855.eastus2.cloudapp.azure.com:3306
2021-03-27 12:31:29,838 - basicLogger - INFO - Query for Inventory readings after 2021-03-27 returns 1 results
2021-03-27 12:31:32,088 - basicLogger - INFO - Query for Profit readings after 2021-03-27 returns 0 results
2021-03-27 12:31:38,341 - basicLogger - INFO - Query for Inventory readings after 2021-03-27 returns 1 results
2021-03-27 12:31:40,572 - basicLogger - INFO - Query for Profit readings after 2021-03-27 returns 0 results
2021-03-27 12:31:43,340 - basicLogger - INFO - Query for Inventory readings after 2021-03-27 returns 1 results
2021-03-27 12:31:45,569 - basicLogger - INFO - Query for Profit readings after 2021-03-27 returns 0 results
2021-03-27 12:31:48,343 - basicLogger - INFO - Query for Inventory readings after 2021-03-27 returns 1 results
2021-03-27 12:31:50,567 - basicLogger - INFO - Query for Profit readings after 2021-03-27 returns 0 results
2021-03-27 12:31:53,360 - basicLogger - INFO - Query for Inventory readings after 2021-03-27 returns 1 results
2021-03-27 12:31:55,596 - basicLogger - INFO - Query for Profit readings after 2021-03-27 returns 0 results
2021-03-27 12:31:58,350 - basicLogger - INFO - Query for Inventory readings after 2021-03-27 returns 1 results
2021-03-27 12:32:00,579 - basicLogger - INFO - Query for Profit readings after 2021-03-27 returns 0 results
2021-03-27 12:32:03,351 - basicLogger - INFO - Query for Inventory readings after 2021-03-27 returns 1 results
2021-03-27 12:32:05,588 - basicLogger - INFO - Query for Profit readings after 2021-03-27 returns 0 results
2021-03-27 12:32:08,356 - basicLogger - INFO - Query for Inventory readings after 2021-03-27 returns 1 results
2021-03-27 12:32:10,571 - basicLogger - INFO - Query for Profit readings after 2021-03-27 returns 0 results
2021-03-27 12:32:13,349 - basicLogger - INFO - Query for Inventory readings after 2021-03-27 returns 1 results
2021-03-27 12:32:15,574 - basicLogger - INFO - Query for Profit readings after 2021-03-27 returns 0 results
2021-03-27 12:32:18,345 - basicLogger - INFO - Query for Inventory readings after 2021-03-27 returns 1 results
2021-03-27 12:32:20,564 - basicLogger - INFO - Query for Profit readings after 2021-03-27 returns 0 results
2021-03-27 12:32:23,355 - basicLogger - INFO - Query for Inventory readings after 2021-03-27 returns 1 results
2021-03-27 12:32:25,591 - basicLogger - INFO - Query for Profit readings after 2021-03-27 returns 0 results
2021-03-27 12:32:28,345 - basicLogger - INFO - Query for Inventory readings after 2021-03-27 returns 1 results
2021-03-27 12:32:30,583 - basicLogger - INFO - Query for Profit readings after 2021-03-27 returns 0 results
2021-03-27 12:32:33,340 - basicLogger - INFO - Query for Inventory readings after 2021-03-27 returns 1 results
2021-03-27 12:32:35,568 - basicLogger - INFO - Query for Profit readings after 2021-03-27 returns 0 results
2021-03-27 12:32:38,356 - basicLogger - INFO - Query for Inventory readings after 2021-03-27 returns 1 results
2021-03-27 12:32:40,589 - basicLogger - INFO - Query for Profit readings after 2021-03-27 returns 0 results
2021-03-27 12:32:43,359 - basicLogger - INFO - Query for Inventory readings after 2021-03-27 returns 1 results
2021-03-27 12:32:45,601 - basicLogger - INFO - Query for Profit readings after 2021-03-27 returns 0 results
2021-03-27 12:32:48,335 - basicLogger - INFO - Query for Inventory readings after 2021-03-27 returns 1 results
2021-03-27 12:32:50,551 - basicLogger - INFO - Query for Profit readings after 2021-03-27 returns 0 results
2021-03-27 12:32:53,359 - basicLogger - INFO - Query for Inventory readings after 2021-03-27 returns 1 results
2021-03-27 12:32:55,595 - basicLogger - INFO - Query for Profit readings after 2021-03-27 returns 0 results
2021-03-27 12:32:58,348 - basicLogger - INFO - Query for Inventory readings after 2021-03-27 returns 1 results
2021-03-27 12:33:00,575 - basicLogger - INFO - Query for Profit readings after 2021-03-27 returns 0 results
2021-03-27 12:33:03,349 - basicLogger - INFO - Query for Inventory readings after 2021-03-27 returns 1 results
2021-03-27 12:33:05,578 - basicLogger - INFO - Query for Profit readings after 2021-03-27 returns 0 results
2021-03-27 12:33:08,346 - basicLogger - INFO - Query for Inventory readings after 2021-03-27 returns 1 results
2021-03-27 12:33:10,589 - basicLogger - INFO - Query for Profit readings after 2021-03-27 returns 0 results
2021-03-27 12:33:13,335 - basicLogger - INFO - Query for Inventory readings after 2021-03-27 returns 1 results
2021-03-27 12:33:15,560 - basicLogger - INFO - Query for Profit readings after 2021-03-27 returns 0 results
2021-03-27 12:33:18,354 - basicLogger - INFO - Query for Inventory readings after 2021-03-27 returns 1 results
2021-03-27 12:33:20,599 - basicLogger - INFO - Query for Profit readings after 2021-03-27 returns 0 results
2021-03-27 12:33:23,358 - basicLogger - INFO - Query for Inventory readings after 2021-03-27 returns 1 results
2021-03-27 12:33:25,575 - basicLogger - INFO - Query for Profit readings after 2021-03-27 returns 0 results
2021-03-27 12:33:28,350 - basicLogger - INFO - Query for Inventory readings after 2021-03-27 returns 1 results
2021-03-27 12:33:30,594 - basicLogger - INFO - Query for Profit readings after 2021-03-27 returns 0 results
2021-03-27 12:33:33,349 - basicLogger - INFO - Query for Inventory readings after 2021-03-27 returns 1 results
2021-03-27 12:33:35,583 - basicLogger - INFO - Query for Profit readings after 2021-03-27 returns 0 results
2021-03-27 12:33:38,353 - basicLogger - INFO - Query for Inventory readings after 2021-03-27 returns 1 results
2021-03-27 12:33:40,582 - basicLogger - INFO - Query for Profit readings after 2021-03-27 returns 0 results
2021-03-27 12:33:43,363 - basicLogger - INFO - Query for Inventory readings after 2021-03-27 returns 1 results
2021-03-27 12:33:45,614 - basicLogger - INFO - Query for Profit readings after 2021-03-27 returns 0 results
2021-03-27 12:33:48,349 - basicLogger - INFO - Query for Inventory readings after 2021-03-27 returns 1 results
2021-03-27 12:33:50,581 - basicLogger - INFO - Query for Profit readings after 2021-03-27 returns 0 results
2021-03-27 12:33:53,356 - basicLogger - INFO - Query for Inventory readings after 2021-03-27 returns 1 results
2021-03-27 12:33:55,591 - basicLogger - INFO - Query for Profit readings after 2021-03-27 returns 0 results
2021-03-27 12:33:58,329 - basicLogger - INFO - Query for Inventory readings after 2021-03-27 returns 1 results
2021-03-27 12:34:00,572 - basicLogger - INFO - Query for Profit readings after 2021-03-27 returns 0 results
2021-03-27 12:34:03,342 - basicLogger - INFO - Query for Inventory readings after 2021-03-27 returns 1 results
2021-03-27 12:34:05,567 - basicLogger - INFO - Query for Profit readings after 2021-03-27 returns 0 results
2021-03-27 12:34:08,349 - basicLogger - INFO - Query for Inventory readings after 2021-03-27 returns 1 results
2021-03-27 12:34:10,581 - basicLogger - INFO - Query for Profit readings after 2021-03-27 returns 0 results
2021-03-27 12:34:13,350 - basicLogger - INFO - Query for Inventory readings after 2021-03-27 returns 1 results
2021-03-27 12:34:15,588 - basicLogger - INFO - Query for Profit readings after 2021-03-27 returns 0 results
2021-03-27 12:34:18,347 - basicLogger - INFO - Query for Inventory readings after 2021-03-27 returns 1 results
2021-03-27 12:34:20,590 - basicLogger - INFO - Query for Profit readings after 2021-03-27 returns 0 results
2021-03-27 12:34:23,346 - basicLogger - INFO - Query for Inventory readings after 2021-03-27 returns 1 results
2021-03-27 12:34:25,573 - basicLogger - INFO - Query for Profit readings after 2021-03-27 returns 0 results
2021-03-27 12:34:28,335 - basicLogger - INFO - Query for Inventory readings after 2021-03-27 returns 1 results
2021-03-27 12:34:30,562 - basicLogger - INFO - Query for Profit readings after 2021-03-27 returns 0 results
2021-03-27 12:34:33,346 - basicLogger - INFO - Query for Inventory readings after 2021-03-27 returns 1 results
2021-03-27 12:34:35,578 - basicLogger - INFO - Query for Profit readings after 2021-03-27 returns 0 results
2021-03-27 12:34:38,354 - basicLogger - INFO - Query for Inventory readings after 2021-03-27 returns 1 results
2021-03-27 12:34:40,589 - basicLogger - INFO - Query for Profit readings after 2021-03-27 returns 0 results
2021-03-27 12:34:43,323 - basicLogger - INFO - Query for Inventory readings after 2021-03-27 returns 1 results
2021-03-27 12:34:45,554 - basicLogger - INFO - Query for Profit readings after 2021-03-27 returns 0 results
2021-03-27 12:34:48,370 - basicLogger - INFO - Query for Inventory readings after 2021-03-27 returns 1 results
2021-03-27 12:34:50,602 - basicLogger - INFO - Query for Profit readings after 2021-03-27 returns 0 results
2021-03-27 12:34:53,347 - basicLogger - INFO - Query for Inventory readings after 2021-03-27 returns 1 results
2021-03-27 12:34:55,584 - basicLogger - INFO - Query for Profit readings after 2021-03-27 returns 0 results
2021-03-27 12:34:58,342 - basicLogger - INFO - Query for Inventory readings after 2021-03-27 returns 1 results
2021-03-27 12:35:00,589 - basicLogger - INFO - Query for Profit readings after 2021-03-27 returns 0 results
2021-03-27 12:35:03,357 - basicLogger - INFO - Query for Inventory readings after 2021-03-27 returns 1 results
2021-03-27 12:35:05,592 - basicLogger - INFO - Query for Profit readings after 2021-03-27 returns 0 results
2021-03-27 12:35:08,343 - basicLogger - INFO - Query for Inventory readings after 2021-03-27 returns 1 results
2021-03-27 12:35:10,576 - basicLogger - INFO - Query for Profit readings after 2021-03-27 returns 0 results
2021-03-27 12:35:13,344 - basicLogger - INFO - Query for Inventory readings after 2021-03-27 returns 1 results
2021-03-27 12:35:15,578 - basicLogger - INFO - Query for Profit readings after 2021-03-27 returns 0 results
2021-03-27 12:35:18,338 - basicLogger - INFO - Query for Inventory readings after 2021-03-27 returns 1 results
2021-03-27 12:35:20,595 - basicLogger - INFO - Query for Profit readings after 2021-03-27 returns 0 results
2021-03-27 12:35:23,355 - basicLogger - INFO - Query for Inventory readings after 2021-03-27 returns 1 results
2021-03-27 12:35:25,597 - basicLogger - INFO - Query for Profit readings after 2021-03-27 returns 0 results
2021-03-27 12:35:28,344 - basicLogger - INFO - Query for Inventory readings after 2021-03-27 returns 1 results
2021-03-27 12:35:30,583 - basicLogger - INFO - Query for Profit readings after 2021-03-27 returns 0 results
2021-03-27 12:35:33,322 - basicLogger - INFO - Query for Inventory readings after 2021-03-27 returns 1 results
2021-03-27 12:35:35,556 - basicLogger - INFO - Query for Profit readings after 2021-03-27 returns 0 results
2021-03-27 12:35:38,359 - basicLogger - INFO - Query for Inventory readings after 2021-03-27 returns 1 results
2021-03-27 12:35:40,605 - basicLogger - INFO - Query for Profit readings after 2021-03-27 returns 0 results
2021-03-27 12:35:43,357 - basicLogger - INFO - Query for Inventory readings after 2021-03-27 returns 1 results
2021-03-27 12:35:45,591 - basicLogger - INFO - Query for Profit readings after 2021-03-27 returns 0 results
2021-03-27 12:35:48,353 - basicLogger - INFO - Query for Inventory readings after 2021-03-27 returns 1 results
2021-03-27 12:35:50,573 - basicLogger - INFO - Query for Profit readings after 2021-03-27 returns 0 results
2021-03-27 12:35:53,339 - basicLogger - INFO - Query for Inventory readings after 2021-03-27 returns 1 results
2021-03-27 12:35:55,574 - basicLogger - INFO - Query for Profit readings after 2021-03-27 returns 0 results
2021-03-27 12:35:58,357 - basicLogger - INFO - Query for Inventory readings after 2021-03-27 returns 1 results
2021-03-27 12:36:00,584 - basicLogger - INFO - Query for Profit readings after 2021-03-27 returns 0 results
2021-03-27 12:36:03,345 - basicLogger - INFO - Query for Inventory readings after 2021-03-27 returns 1 results
2021-03-27 12:36:05,577 - basicLogger - INFO - Query for Profit readings after 2021-03-27 returns 0 results
2021-03-27 12:36:08,348 - basicLogger - INFO - Query for Inventory readings after 2021-03-27 returns 1 results
2021-03-27 12:36:10,575 - basicLogger - INFO - Query for Profit readings after 2021-03-27 returns 0 results
2021-03-27 12:36:13,358 - basicLogger - INFO - Query for Inventory readings after 2021-03-27 returns 1 results
2021-03-27 12:36:15,595 - basicLogger - INFO - Query for Profit readings after 2021-03-27 returns 0 results
2021-03-27 12:36:18,340 - basicLogger - INFO - Query for Inventory readings after 2021-03-27 returns 1 results
2021-03-27 12:36:20,600 - basicLogger - INFO - Query for Profit readings after 2021-03-27 returns 0 results
2021-03-27 12:36:23,335 - basicLogger - INFO - Query for Inventory readings after 2021-03-27 returns 1 results
2021-03-27 12:36:25,569 - basicLogger - INFO - Query for Profit readings after 2021-03-27 returns 0 results
2021-03-27 12:36:28,342 - basicLogger - INFO - Query for Inventory readings after 2021-03-27 returns 1 results
2021-03-27 12:36:30,593 - basicLogger - INFO - Query for Profit readings after 2021-03-27 returns 0 results
2021-03-27 12:36:33,340 - basicLogger - INFO - Query for Inventory readings after 2021-03-27 returns 1 results
2021-03-27 12:36:35,575 - basicLogger - INFO - Query for Profit readings after 2021-03-27 returns 0 results
2021-03-27 12:36:38,356 - basicLogger - INFO - Query for Inventory readings after 2021-03-27 returns 1 results
2021-03-27 12:36:40,596 - basicLogger - INFO - Query for Profit readings after 2021-03-27 returns 0 results
2021-03-27 12:36:43,338 - basicLogger - INFO - Query for Inventory readings after 2021-03-27 returns 1 results
2021-03-27 12:36:45,568 - basicLogger - INFO - Query for Profit readings after 2021-03-27 returns 0 results
2021-03-27 12:36:48,355 - basicLogger - INFO - Query for Inventory readings after 2021-03-27 returns 1 results
2021-03-27 12:36:50,588 - basicLogger - INFO - Query for Profit readings after 2021-03-27 returns 0 results
2021-03-27 12:36:53,352 - basicLogger - INFO - Query for Inventory readings after 2021-03-27 returns 1 results
2021-03-27 12:36:55,589 - basicLogger - INFO - Query for Profit readings after 2021-03-27 returns 0 results
2021-03-27 12:36:58,335 - basicLogger - INFO - Query for Inventory readings after 2021-03-27 returns 1 results
2021-03-27 12:37:00,563 - basicLogger - INFO - Query for Profit readings after 2021-03-27 returns 0 results
2021-03-27 12:37:03,336 - basicLogger - INFO - Query for Inventory readings after 2021-03-27 returns 1 results
2021-03-27 12:37:05,567 - basicLogger - INFO - Query for Profit readings after 2021-03-27 returns 0 results
2021-03-27 12:37:08,344 - basicLogger - INFO - Query for Inventory readings after 2021-03-27 returns 1 results
2021-03-27 12:37:10,584 - basicLogger - INFO - Query for Profit readings after 2021-03-27 returns 0 results
2021-03-27 12:37:13,339 - basicLogger - INFO - Query for Inventory readings after 2021-03-27 returns 1 results
2021-03-27 12:37:15,565 - basicLogger - INFO - Query for Profit readings after 2021-03-27 returns 0 results
2021-03-27 12:37:18,349 - basicLogger - INFO - Query for Inventory readings after 2021-03-27 returns 1 results
2021-03-27 12:37:20,591 - basicLogger - INFO - Query for Profit readings after 2021-03-27 returns 0 results
2021-03-27 12:38:09,206 - basicLogger - INFO - Query for Inventory readings after 2018-08-22 returns 862 results
2021-03-27 12:42:19,246 - basicLogger - INFO - Query for Inventory readings after 2021-03-27 returns 1 results
2021-03-27 12:42:21,475 - basicLogger - INFO - Query for Profit readings after 2021-03-27 returns 0 results
2021-03-27 12:42:24,252 - basicLogger - INFO - Query for Inventory readings after 2021-03-27 returns 1 results
2021-03-27 12:42:26,473 - basicLogger - INFO - Query for Profit readings after 2021-03-27 returns 0 results
2021-03-27 12:42:29,251 - basicLogger - INFO - Query for Inventory readings after 2021-03-27 returns 1 results
2021-03-27 12:42:31,494 - basicLogger - INFO - Query for Profit readings after 2021-03-27 returns 0 results
2021-03-27 12:42:34,244 - basicLogger - INFO - Query for Inventory readings after 2021-03-27 returns 1 results
2021-03-27 12:42:36,472 - basicLogger - INFO - Query for Profit readings after 2021-03-27 returns 0 results
2021-03-27 12:42:39,267 - basicLogger - INFO - Query for Inventory readings after 2021-03-27 returns 1 results
2021-03-27 12:42:41,499 - basicLogger - INFO - Query for Profit readings after 2021-03-27 returns 0 results
2021-03-27 12:42:44,258 - basicLogger - INFO - Query for Inventory readings after 2021-03-27 returns 1 results
2021-03-27 12:42:46,491 - basicLogger - INFO - Query for Profit readings after 2021-03-27 returns 0 results
2021-03-27 12:42:49,255 - basicLogger - INFO - Query for Inventory readings after 2021-03-27 returns 1 results
2021-03-27 12:42:51,483 - basicLogger - INFO - Query for Profit readings after 2021-03-27 returns 0 results
2021-03-27 12:42:54,263 - basicLogger - INFO - Query for Inventory readings after 2021-03-27 returns 1 results
2021-03-27 12:42:56,484 - basicLogger - INFO - Query for Profit readings after 2021-03-27 returns 0 results
2021-03-27 12:42:59,238 - basicLogger - INFO - Query for Inventory readings after 2021-03-27 returns 1 results
2021-03-27 12:43:01,468 - basicLogger - INFO - Query for Profit readings after 2021-03-27 returns 0 results
2021-03-27 12:43:04,245 - basicLogger - INFO - Query for Inventory readings after 2021-03-27 returns 1 results
2021-03-27 12:43:06,476 - basicLogger - INFO - Query for Profit readings after 2021-03-27 returns 0 results
2021-03-27 12:43:09,254 - basicLogger - INFO - Query for Inventory readings after 2021-03-27 returns 1 results
2021-03-27 12:43:11,488 - basicLogger - INFO - Query for Profit readings after 2021-03-27 returns 0 results
2021-03-27 12:43:14,251 - basicLogger - INFO - Query for Inventory readings after 2021-03-27 returns 1 results
2021-03-27 12:43:16,484 - basicLogger - INFO - Query for Profit readings after 2021-03-27 returns 0 results
2021-03-27 12:43:29,461 - basicLogger - INFO - Query for Inventory readings after 2021-03-27 returns 1 results
2021-03-27 12:43:31,699 - basicLogger - INFO - Query for Profit readings after 2021-03-27 returns 0 results
2021-03-27 12:43:56,097 - basicLogger - INFO - Query for Inventory readings after 2021-03-27 returns 1 results
2021-03-27 12:43:58,327 - basicLogger - INFO - Query for Profit readings after 2021-03-27 returns 0 results
2021-03-27 12:44:55,040 - basicLogger - INFO - connecting to mysql database: acit3855.eastus2.cloudapp.azure.com:3306
2021-03-27 12:44:55,076 - basicLogger - INFO - connecting to mysql database: acit3855.eastus2.cloudapp.azure.com:3306
2021-03-27 12:45:06,826 - basicLogger - INFO - Query for Inventory readings after 2021-03-27 returns 1 results
2021-03-27 12:45:09,067 - basicLogger - INFO - Query for Profit readings after 2021-03-27 returns 0 results
2021-03-27 12:45:15,292 - basicLogger - INFO - Query for Inventory readings after 2021-03-27 returns 1 results
2021-03-27 12:45:17,513 - basicLogger - INFO - Query for Profit readings after 2021-03-27 returns 0 results
2021-03-27 12:45:20,313 - basicLogger - INFO - Query for Inventory readings after 2021-03-27 returns 1 results
2021-03-27 12:45:22,544 - basicLogger - INFO - Query for Profit readings after 2021-03-27 returns 0 results
2021-03-27 12:45:25,300 - basicLogger - INFO - Query for Inventory readings after 2021-03-27 returns 1 results
2021-03-27 12:45:27,532 - basicLogger - INFO - Query for Profit readings after 2021-03-27 returns 0 results
2021-03-27 12:45:30,300 - basicLogger - INFO - Query for Inventory readings after 2021-03-27 returns 1 results
2021-03-27 12:45:32,529 - basicLogger - INFO - Query for Profit readings after 2021-03-27 returns 0 results
2021-03-27 12:45:35,301 - basicLogger - INFO - Query for Inventory readings after 2021-03-27 returns 1 results
2021-03-27 12:45:37,531 - basicLogger - INFO - Query for Profit readings after 2021-03-27 returns 0 results
2021-03-27 12:45:40,297 - basicLogger - INFO - Query for Inventory readings after 2021-03-27 returns 1 results
2021-03-27 12:45:42,529 - basicLogger - INFO - Query for Profit readings after 2021-03-27 returns 0 results
2021-03-27 12:45:45,309 - basicLogger - INFO - Query for Inventory readings after 2021-03-27 returns 1 results
2021-03-27 12:45:47,521 - basicLogger - INFO - Query for Profit readings after 2021-03-27 returns 0 results
2021-03-27 12:45:50,284 - basicLogger - INFO - Query for Inventory readings after 2021-03-27 returns 1 results
2021-03-27 12:45:52,520 - basicLogger - INFO - Query for Profit readings after 2021-03-27 returns 0 results
2021-03-27 12:45:55,286 - basicLogger - INFO - Query for Inventory readings after 2021-03-27 returns 1 results
2021-03-27 12:45:57,396 - basicLogger - INFO - Message: {'type': 'inventory', 'datetime': '2021-03-27', 'payload': {'name': 'Cola Coka', 'price': 25.0, 'contents': 'water, sugar, rage'}}
2021-03-27 12:45:57,513 - basicLogger - INFO - Query for Profit readings after 2021-03-27 returns 0 results
2021-03-27 12:45:59,182 - basicLogger - DEBUG - stored event "Add Inventory" with a unique id of 1
2021-03-27 12:46:00,305 - basicLogger - INFO - Query for Inventory readings after 2021-03-27 returns 2 results
2021-03-27 12:46:02,556 - basicLogger - INFO - Query for Profit readings after 2021-03-27 returns 0 results
2021-03-27 12:46:05,296 - basicLogger - INFO - Query for Inventory readings after 2021-03-27 returns 2 results
2021-03-27 12:46:07,536 - basicLogger - INFO - Query for Profit readings after 2021-03-27 returns 0 results
2021-03-27 12:46:10,286 - basicLogger - INFO - Query for Inventory readings after 2021-03-27 returns 2 results
2021-03-27 12:46:12,514 - basicLogger - INFO - Query for Profit readings after 2021-03-27 returns 0 results
2021-03-27 12:46:15,280 - basicLogger - INFO - Query for Inventory readings after 2021-03-27 returns 2 results
2021-03-27 12:46:17,512 - basicLogger - INFO - Query for Profit readings after 2021-03-27 returns 0 results
2021-03-27 12:46:20,274 - basicLogger - INFO - Query for Inventory readings after 2021-03-27 returns 2 results
2021-03-27 12:46:22,511 - basicLogger - INFO - Query for Profit readings after 2021-03-27 returns 0 results
2021-03-27 12:46:25,301 - basicLogger - INFO - Query for Inventory readings after 2021-03-27 returns 2 results
2021-03-27 12:46:27,544 - basicLogger - INFO - Query for Profit readings after 2021-03-27 returns 0 results
2021-03-27 12:46:30,299 - basicLogger - INFO - Query for Inventory readings after 2021-03-27 returns 2 results
2021-03-27 12:46:32,526 - basicLogger - INFO - Query for Profit readings after 2021-03-27 returns 0 results
2021-03-27 12:46:35,297 - basicLogger - INFO - Query for Inventory readings after 2021-03-27 returns 2 results
2021-03-27 12:46:37,506 - basicLogger - INFO - Query for Profit readings after 2021-03-27 returns 0 results
2021-03-27 12:46:40,303 - basicLogger - INFO - Query for Inventory readings after 2021-03-27 returns 2 results
2021-03-27 12:46:42,552 - basicLogger - INFO - Query for Profit readings after 2021-03-27 returns 0 results
2021-03-27 12:46:45,299 - basicLogger - INFO - Query for Inventory readings after 2021-03-27 returns 2 results
2021-03-27 12:46:47,514 - basicLogger - INFO - Query for Profit readings after 2021-03-27 returns 0 results
2021-03-27 12:46:50,304 - basicLogger - INFO - Query for Inventory readings after 2021-03-27 returns 2 results
2021-03-27 12:46:52,538 - basicLogger - INFO - Query for Profit readings after 2021-03-27 returns 0 results
2021-03-27 12:46:55,300 - basicLogger - INFO - Query for Inventory readings after 2021-03-27 returns 2 results
2021-03-27 12:46:57,530 - basicLogger - INFO - Query for Profit readings after 2021-03-27 returns 0 results
2021-03-27 12:47:00,315 - basicLogger - INFO - Query for Inventory readings after 2021-03-27 returns 2 results
2021-03-27 12:47:02,537 - basicLogger - INFO - Query for Profit readings after 2021-03-27 returns 0 results
2021-03-27 12:47:05,298 - basicLogger - INFO - Query for Inventory readings after 2021-03-27 returns 2 results
2021-03-27 12:47:07,539 - basicLogger - INFO - Query for Profit readings after 2021-03-27 returns 0 results
2021-03-27 12:47:10,279 - basicLogger - INFO - Query for Inventory readings after 2021-03-27 returns 2 results
2021-03-27 12:47:12,510 - basicLogger - INFO - Query for Profit readings after 2021-03-27 returns 0 results
2021-03-27 12:47:15,292 - basicLogger - INFO - Query for Inventory readings after 2021-03-27 returns 2 results
2021-03-27 12:47:17,526 - basicLogger - INFO - Query for Profit readings after 2021-03-27 returns 0 results
2021-03-27 12:47:20,297 - basicLogger - INFO - Query for Inventory readings after 2021-03-27 returns 2 results
2021-03-27 12:47:22,522 - basicLogger - INFO - Query for Profit readings after 2021-03-27 returns 0 results
2021-03-27 15:58:21,622 - basicLogger - INFO - connecting to mysql database: acit3855.eastus2.cloudapp.azure.com:3306
2021-03-27 15:58:21,654 - basicLogger - INFO - connecting to mysql database: acit3855.eastus2.cloudapp.azure.com:3306
2021-03-27 15:58:25,603 - basicLogger - INFO - Query for Inventory readings after 2021-03-27 returns 2 results
2021-03-27 15:58:27,850 - basicLogger - INFO - Query for Profit readings after 2021-03-27 returns 0 results
2021-03-27 15:58:34,103 - basicLogger - INFO - Query for Inventory readings after 2021-03-27 returns 2 results
2021-03-27 15:58:36,332 - basicLogger - INFO - Query for Profit readings after 2021-03-27 returns 0 results
2021-03-27 15:58:39,098 - basicLogger - INFO - Query for Inventory readings after 2021-03-27 returns 2 results
2021-03-27 15:58:41,318 - basicLogger - INFO - Query for Profit readings after 2021-03-27 returns 0 results
2021-03-27 15:58:44,105 - basicLogger - INFO - Query for Inventory readings after 2021-03-27 returns 2 results
2021-03-27 15:58:46,336 - basicLogger - INFO - Query for Profit readings after 2021-03-27 returns 0 results
2021-03-27 15:58:49,104 - basicLogger - INFO - Query for Inventory readings after 2021-03-27 returns 2 results
2021-03-27 15:58:51,334 - basicLogger - INFO - Query for Profit readings after 2021-03-27 returns 0 results
2021-03-27 15:58:54,121 - basicLogger - INFO - Query for Inventory readings after 2021-03-27 returns 2 results
2021-03-27 15:58:56,360 - basicLogger - INFO - Query for Profit readings after 2021-03-27 returns 0 results
2021-03-27 15:58:59,115 - basicLogger - INFO - Query for Inventory readings after 2021-03-27 returns 2 results
2021-03-27 15:59:01,340 - basicLogger - INFO - Query for Profit readings after 2021-03-27 returns 0 results
2021-03-27 15:59:04,121 - basicLogger - INFO - Query for Inventory readings after 2021-03-27 returns 2 results
2021-03-27 15:59:06,356 - basicLogger - INFO - Query for Profit readings after 2021-03-27 returns 0 results
2021-03-27 15:59:09,102 - basicLogger - INFO - Query for Inventory readings after 2021-03-27 returns 2 results
2021-03-27 15:59:11,332 - basicLogger - INFO - Query for Profit readings after 2021-03-27 returns 0 results
2021-03-27 15:59:14,109 - basicLogger - INFO - Query for Inventory readings after 2021-03-27 returns 2 results
2021-03-27 15:59:16,342 - basicLogger - INFO - Query for Profit readings after 2021-03-27 returns 0 results
2021-03-27 15:59:19,112 - basicLogger - INFO - Query for Inventory readings after 2021-03-27 returns 2 results
2021-03-27 15:59:21,333 - basicLogger - INFO - Query for Profit readings after 2021-03-27 returns 0 results
2021-03-27 15:59:24,105 - basicLogger - INFO - Query for Inventory readings after 2021-03-27 returns 2 results
2021-03-27 15:59:26,341 - basicLogger - INFO - Query for Profit readings after 2021-03-27 returns 0 results
2021-03-27 15:59:29,105 - basicLogger - INFO - Query for Inventory readings after 2021-03-27 returns 2 results
2021-03-27 15:59:31,333 - basicLogger - INFO - Query for Profit readings after 2021-03-27 returns 0 results
2021-03-27 15:59:34,120 - basicLogger - INFO - Query for Inventory readings after 2021-03-27 returns 2 results
2021-03-27 15:59:36,366 - basicLogger - INFO - Query for Profit readings after 2021-03-27 returns 0 results
2021-03-27 15:59:39,138 - basicLogger - INFO - Query for Inventory readings after 2021-03-27 returns 2 results
2021-03-27 15:59:41,373 - basicLogger - INFO - Query for Profit readings after 2021-03-27 returns 0 results
2021-03-27 15:59:44,120 - basicLogger - INFO - Query for Inventory readings after 2021-03-27 returns 2 results
2021-03-27 15:59:46,360 - basicLogger - INFO - Query for Profit readings after 2021-03-27 returns 0 results
2021-03-27 15:59:49,090 - basicLogger - INFO - Query for Inventory readings after 2021-03-27 returns 2 results
2021-03-27 15:59:51,325 - basicLogger - INFO - Query for Profit readings after 2021-03-27 returns 0 results
2021-03-27 15:59:54,105 - basicLogger - INFO - Query for Inventory readings after 2021-03-27 returns 2 results
2021-03-27 15:59:56,337 - basicLogger - INFO - Query for Profit readings after 2021-03-27 returns 0 results
2021-03-27 15:59:59,109 - basicLogger - INFO - Query for Inventory readings after 2021-03-27 returns 2 results
2021-03-27 16:00:01,315 - basicLogger - INFO - Query for Profit readings after 2021-03-27 returns 0 results
2021-03-27 16:00:04,106 - basicLogger - INFO - Query for Inventory readings after 2021-03-27 returns 2 results
2021-03-27 16:00:06,345 - basicLogger - INFO - Query for Profit readings after 2021-03-27 returns 0 results
2021-03-27 16:00:09,108 - basicLogger - INFO - Query for Inventory readings after 2021-03-27 returns 2 results
2021-03-27 16:00:11,346 - basicLogger - INFO - Query for Profit readings after 2021-03-27 returns 0 results
2021-03-27 16:00:14,109 - basicLogger - INFO - Query for Inventory readings after 2021-03-27 returns 2 results
2021-03-27 16:00:16,342 - basicLogger - INFO - Query for Profit readings after 2021-03-27 returns 0 results
2021-03-27 16:00:19,098 - basicLogger - INFO - Query for Inventory readings after 2021-03-27 returns 2 results
2021-03-27 16:00:21,321 - basicLogger - INFO - Query for Profit readings after 2021-03-27 returns 0 results
2021-03-27 16:00:24,091 - basicLogger - INFO - Query for Inventory readings after 2021-03-27 returns 2 results
2021-03-27 16:00:26,342 - basicLogger - INFO - Query for Profit readings after 2021-03-27 returns 0 results
2021-03-27 16:00:29,117 - basicLogger - INFO - Query for Inventory readings after 2021-03-27 returns 2 results
2021-03-27 16:00:31,348 - basicLogger - INFO - Query for Profit readings after 2021-03-27 returns 0 results
2021-03-27 16:00:34,094 - basicLogger - INFO - Query for Inventory readings after 2021-03-27 returns 2 results
2021-03-27 16:00:38,570 - basicLogger - INFO - connecting to mysql database: acit3855.eastus2.cloudapp.azure.com:3306
2021-03-27 16:00:38,598 - basicLogger - INFO - connecting to mysql database: acit3855.eastus2.cloudapp.azure.com:3306
2021-03-27 16:00:45,570 - basicLogger - INFO - Query for Inventory readings after 2021-03-27 returns 2 results
2021-03-27 16:00:47,804 - basicLogger - INFO - Query for Profit readings after 2021-03-27 returns 0 results
2021-03-27 16:00:54,109 - basicLogger - INFO - Query for Inventory readings after 2021-03-27 returns 2 results
2021-03-27 16:00:56,351 - basicLogger - INFO - Query for Profit readings after 2021-03-27 returns 0 results
2021-03-27 16:00:59,115 - basicLogger - INFO - Query for Inventory readings after 2021-03-27 returns 2 results
2021-03-27 16:01:01,353 - basicLogger - INFO - Query for Profit readings after 2021-03-27 returns 0 results
2021-03-27 16:01:04,115 - basicLogger - INFO - Query for Inventory readings after 2021-03-27 returns 2 results
2021-03-27 16:01:06,338 - basicLogger - INFO - Query for Profit readings after 2021-03-27 returns 0 results
2021-03-27 16:01:09,106 - basicLogger - INFO - Query for Inventory readings after 2021-03-27 returns 2 results
2021-03-27 16:01:11,341 - basicLogger - INFO - Query for Profit readings after 2021-03-27 returns 0 results
2021-03-27 16:01:14,095 - basicLogger - INFO - Query for Inventory readings after 2021-03-27 returns 2 results
2021-03-27 16:01:16,349 - basicLogger - INFO - Query for Profit readings after 2021-03-27 returns 0 results
2021-03-27 16:01:19,100 - basicLogger - INFO - Query for Inventory readings after 2021-03-27 returns 2 results
2021-03-27 16:01:21,330 - basicLogger - INFO - Query for Profit readings after 2021-03-27 returns 0 results
2021-03-27 16:01:24,102 - basicLogger - INFO - Query for Inventory readings after 2021-03-27 returns 2 results
2021-03-27 16:01:26,324 - basicLogger - INFO - Query for Profit readings after 2021-03-27 returns 0 results
2021-03-27 16:01:29,113 - basicLogger - INFO - Query for Inventory readings after 2021-03-27 returns 2 results
2021-03-27 16:01:31,346 - basicLogger - INFO - Query for Profit readings after 2021-03-27 returns 0 results
2021-03-27 16:01:34,108 - basicLogger - INFO - Query for Inventory readings after 2021-03-27 returns 2 results
2021-03-27 16:01:36,343 - basicLogger - INFO - Query for Profit readings after 2021-03-27 returns 0 results
2021-03-27 16:01:39,092 - basicLogger - INFO - Query for Inventory readings after 2021-03-27 returns 2 results
2021-03-27 16:01:41,326 - basicLogger - INFO - Query for Profit readings after 2021-03-27 returns 0 results
2021-03-27 16:01:44,085 - basicLogger - INFO - Query for Inventory readings after 2021-03-27 returns 2 results
2021-03-27 16:01:46,336 - basicLogger - INFO - Query for Profit readings after 2021-03-27 returns 0 results
2021-03-27 16:01:49,104 - basicLogger - INFO - Query for Inventory readings after 2021-03-27 returns 2 results
2021-03-27 16:01:51,372 - basicLogger - INFO - Query for Profit readings after 2021-03-27 returns 0 results
2021-03-27 16:01:54,104 - basicLogger - INFO - Query for Inventory readings after 2021-03-27 returns 2 results
2021-03-27 16:01:56,329 - basicLogger - INFO - Query for Profit readings after 2021-03-27 returns 0 results
2021-03-27 16:01:59,096 - basicLogger - INFO - Query for Inventory readings after 2021-03-27 returns 2 results
2021-03-27 16:02:01,324 - basicLogger - INFO - Query for Profit readings after 2021-03-27 returns 0 results
2021-03-27 16:02:04,105 - basicLogger - INFO - Query for Inventory readings after 2021-03-27 returns 2 results
2021-03-27 16:02:06,337 - basicLogger - INFO - Query for Profit readings after 2021-03-27 returns 0 results
2021-03-27 16:02:09,117 - basicLogger - INFO - Query for Inventory readings after 2021-03-27 returns 2 results
2021-03-27 16:02:11,356 - basicLogger - INFO - Query for Profit readings after 2021-03-27 returns 0 results
2021-03-27 16:02:14,084 - basicLogger - INFO - Query for Inventory readings after 2021-03-27 returns 2 results
2021-03-27 16:02:16,317 - basicLogger - INFO - Query for Profit readings after 2021-03-27 returns 0 results
2021-03-27 16:02:19,108 - basicLogger - INFO - Query for Inventory readings after 2021-03-27 returns 2 results
2021-03-27 16:02:21,338 - basicLogger - INFO - Query for Profit readings after 2021-03-27 returns 0 results
2021-03-27 16:02:24,105 - basicLogger - INFO - Query for Inventory readings after 2021-03-27 returns 2 results
2021-03-27 16:02:26,338 - basicLogger - INFO - Query for Profit readings after 2021-03-27 returns 0 results
2021-03-27 16:02:29,097 - basicLogger - INFO - Query for Inventory readings after 2021-03-27 returns 2 results
2021-03-27 16:02:31,334 - basicLogger - INFO - Query for Profit readings after 2021-03-27 returns 0 results
2021-03-27 16:02:34,093 - basicLogger - INFO - Query for Inventory readings after 2021-03-27 returns 2 results
2021-03-27 16:02:36,336 - basicLogger - INFO - Query for Profit readings after 2021-03-27 returns 0 results
2021-03-27 16:02:39,116 - basicLogger - INFO - Query for Inventory readings after 2021-03-27 returns 2 results
2021-03-27 16:02:41,356 - basicLogger - INFO - Query for Profit readings after 2021-03-27 returns 0 results
2021-03-27 16:02:44,107 - basicLogger - INFO - Query for Inventory readings after 2021-03-27 returns 2 results
2021-03-27 16:02:46,335 - basicLogger - INFO - Query for Profit readings after 2021-03-27 returns 0 results
2021-03-27 16:02:49,114 - basicLogger - INFO - Query for Inventory readings after 2021-03-27 returns 2 results
2021-03-27 16:02:51,332 - basicLogger - INFO - Query for Profit readings after 2021-03-27 returns 0 results
2021-03-27 16:03:00,403 - basicLogger - INFO - Query for Inventory readings after 2021-03-27 returns 2 results
2021-03-27 16:03:02,626 - basicLogger - INFO - Query for Profit readings after 2021-03-27 returns 0 results
2021-03-27 16:03:05,373 - basicLogger - INFO - Query for Inventory readings after 2021-03-27 returns 2 results
2021-03-27 16:03:07,601 - basicLogger - INFO - Query for Profit readings after 2021-03-27 returns 0 results
2021-03-27 16:03:10,376 - basicLogger - INFO - Query for Inventory readings after 2021-03-27 returns 2 results
2021-03-27 16:03:12,602 - basicLogger - INFO - Query for Profit readings after 2021-03-27 returns 0 results
2021-03-27 16:03:15,379 - basicLogger - INFO - Query for Inventory readings after 2021-03-27 returns 2 results
2021-03-27 16:03:17,610 - basicLogger - INFO - Query for Profit readings after 2021-03-27 returns 0 results
2021-03-27 16:03:20,384 - basicLogger - INFO - Query for Inventory readings after 2021-03-27 returns 2 results
2021-03-27 16:03:22,622 - basicLogger - INFO - Query for Profit readings after 2021-03-27 returns 0 results
2021-03-27 16:03:25,388 - basicLogger - INFO - Query for Inventory readings after 2021-03-27 returns 2 results
2021-03-27 16:03:27,619 - basicLogger - INFO - Query for Profit readings after 2021-03-27 returns 0 results
2021-03-27 16:03:30,408 - basicLogger - INFO - Query for Inventory readings after 2021-03-27 returns 2 results
2021-03-27 16:03:32,636 - basicLogger - INFO - Query for Profit readings after 2021-03-27 returns 0 results
2021-03-27 16:03:35,391 - basicLogger - INFO - Query for Inventory readings after 2021-03-27 returns 2 results
2021-03-27 16:03:37,629 - basicLogger - INFO - Query for Profit readings after 2021-03-27 returns 0 results
2021-03-27 16:03:40,390 - basicLogger - INFO - Query for Inventory readings after 2021-03-27 returns 2 results
2021-03-27 16:03:42,612 - basicLogger - INFO - Query for Profit readings after 2021-03-27 returns 0 results
2021-03-27 16:03:45,375 - basicLogger - INFO - Query for Inventory readings after 2021-03-27 returns 2 results
2021-03-27 16:03:47,596 - basicLogger - INFO - Query for Profit readings after 2021-03-27 returns 0 results
2021-03-27 16:03:50,368 - basicLogger - INFO - Query for Inventory readings after 2021-03-27 returns 2 results
2021-03-27 16:03:52,597 - basicLogger - INFO - Query for Profit readings after 2021-03-27 returns 0 results
2021-03-27 16:03:55,385 - basicLogger - INFO - Query for Inventory readings after 2021-03-27 returns 2 results
2021-03-27 16:03:57,618 - basicLogger - INFO - Query for Profit readings after 2021-03-27 returns 0 results
2021-03-27 16:04:00,372 - basicLogger - INFO - Query for Inventory readings after 2021-03-27 returns 2 results
2021-03-27 16:04:02,601 - basicLogger - INFO - Query for Profit readings after 2021-03-27 returns 0 results
2021-03-27 16:04:05,376 - basicLogger - INFO - Query for Inventory readings after 2021-03-27 returns 2 results
2021-03-27 16:04:07,604 - basicLogger - INFO - Query for Profit readings after 2021-03-27 returns 0 results
2021-03-27 16:04:10,380 - basicLogger - INFO - Query for Inventory readings after 2021-03-27 returns 2 results
2021-03-27 16:04:12,607 - basicLogger - INFO - Query for Profit readings after 2021-03-27 returns 0 results
2021-03-27 16:04:15,385 - basicLogger - INFO - Query for Inventory readings after 2021-03-27 returns 2 results
2021-03-27 16:04:17,613 - basicLogger - INFO - Query for Profit readings after 2021-03-27 returns 0 results
2021-03-27 16:04:20,378 - basicLogger - INFO - Query for Inventory readings after 2021-03-27 returns 2 results
2021-03-27 16:04:22,607 - basicLogger - INFO - Query for Profit readings after 2021-03-27 returns 0 results
2021-03-27 16:04:25,366 - basicLogger - INFO - Query for Inventory readings after 2021-03-27 returns 2 results
2021-03-27 16:04:27,612 - basicLogger - INFO - Query for Profit readings after 2021-03-27 returns 0 results
2021-03-27 16:04:30,384 - basicLogger - INFO - Query for Inventory readings after 2021-03-27 returns 2 results
2021-03-27 16:04:32,607 - basicLogger - INFO - Query for Profit readings after 2021-03-27 returns 0 results
2021-03-27 16:04:35,384 - basicLogger - INFO - Query for Inventory readings after 2021-03-27 returns 2 results
2021-03-27 16:04:37,631 - basicLogger - INFO - Query for Profit readings after 2021-03-27 returns 0 results
2021-03-27 16:04:40,402 - basicLogger - INFO - Query for Inventory readings after 2021-03-27 returns 2 results
2021-03-27 16:04:42,629 - basicLogger - INFO - Query for Profit readings after 2021-03-27 returns 0 results
2021-03-27 16:04:46,513 - basicLogger - INFO - connecting to mysql database: acit3855.eastus2.cloudapp.azure.com:3306
2021-03-27 16:04:46,535 - basicLogger - INFO - connecting to mysql database: acit3855.eastus2.cloudapp.azure.com:3306
2021-03-27 16:04:51,864 - basicLogger - INFO - Query for Inventory readings after 2021-03-27 returns 2 results
2021-03-27 16:04:54,109 - basicLogger - INFO - Query for Profit readings after 2021-03-27 returns 0 results
2021-03-27 16:05:00,384 - basicLogger - INFO - Query for Inventory readings after 2021-03-27 returns 2 results
2021-03-27 16:05:02,615 - basicLogger - INFO - Query for Profit readings after 2021-03-27 returns 0 results
2021-03-27 16:05:05,388 - basicLogger - INFO - Query for Inventory readings after 2021-03-27 returns 2 results
2021-03-27 16:05:07,630 - basicLogger - INFO - Query for Profit readings after 2021-03-27 returns 0 results
2021-03-27 16:05:10,387 - basicLogger - INFO - Query for Inventory readings after 2021-03-27 returns 2 results
2021-03-27 16:05:12,609 - basicLogger - INFO - Query for Profit readings after 2021-03-27 returns 0 results
2021-03-27 16:05:15,380 - basicLogger - INFO - Query for Inventory readings after 2021-03-27 returns 2 results
2021-03-27 16:05:17,619 - basicLogger - INFO - Query for Profit readings after 2021-03-27 returns 0 results
2021-03-27 16:05:20,371 - basicLogger - INFO - Query for Inventory readings after 2021-03-27 returns 2 results
2021-03-27 16:05:22,589 - basicLogger - INFO - Query for Profit readings after 2021-03-27 returns 0 results
2021-03-27 16:05:25,373 - basicLogger - INFO - Query for Inventory readings after 2021-03-27 returns 2 results
2021-03-27 16:05:27,613 - basicLogger - INFO - Query for Profit readings after 2021-03-27 returns 0 results
2021-03-27 16:05:30,385 - basicLogger - INFO - Query for Inventory readings after 2021-03-27 returns 2 results
2021-03-27 16:05:32,624 - basicLogger - INFO - Query for Profit readings after 2021-03-27 returns 0 results
2021-03-27 16:24:50,832 - basicLogger - INFO - connecting to mysql database: acit3855.eastus2.cloudapp.azure.com:3306
2021-03-27 16:24:50,855 - basicLogger - INFO - connecting to mysql database: acit3855.eastus2.cloudapp.azure.com:3306
2021-03-27 16:32:43,001 - basicLogger - INFO - connecting to mysql database: acit3855.eastus2.cloudapp.azure.com:3306
2021-03-27 16:32:43,030 - basicLogger - INFO - connecting to mysql database: acit3855.eastus2.cloudapp.azure.com:3306
